<?xml version="1.0" encoding="UTF-8"?>
<!-- Generated by org.testng.reporters.JUnitXMLReporter -->
<testsuite ignored="0" hostname="Hariprasath" failures="0" tests="3" name="Default test" time="17.065" errors="0" timestamp="2025-09-23T19:16:33 IST">
  <testcase classname="tutorials.Register.TC_RF_027" name="verifyRegistringAccountWithDifferentEnvironments" time="5.158"/>
  <testcase classname="tutorials.Register.TC_RF_027" name="verifyRegistringAccountWithDifferentEnvironments" time="7.621"/>
  <testcase classname="tutorials.Register.TC_RF_027" name="verifyRegistringAccountWithDifferentEnvironments" time="4.225"/>
</testsuite> <!-- Default test -->
