<?xml version="1.0" encoding="UTF-8"?>
<testng-results ignored="0" total="1" passed="1" failed="0" skipped="0">
  <reporter-output>
  </reporter-output>
  <suite started-at="2025-08-25T21:26:57 IST" name="Default suite" finished-at="2025-08-25T21:27:02 IST" duration-ms="5255">
    <groups>
    </groups>
    <test started-at="2025-08-25T21:26:57 IST" name="Default test" finished-at="2025-08-25T21:27:02 IST" duration-ms="5255">
      <class name="tutorials.Register.TC_RF_001">
        <test-method signature="verifyRegisterWithMandatoryFields()[pri:0, instance:tutorials.Register.TC_RF_001@2e385cce]" started-at="2025-08-25T21:26:57 IST" name="verifyRegisterWithMandatoryFields" finished-at="2025-08-25T21:27:02 IST" duration-ms="5204" status="PASS">
          <reporter-output>
          </reporter-output>
        </test-method> <!-- verifyRegisterWithMandatoryFields -->
      </class> <!-- tutorials.Register.TC_RF_001 -->
    </test> <!-- Default test -->
  </suite> <!-- Default suite -->
</testng-results>
