<?xml version="1.0" encoding="UTF-8"?>
<testng-results ignored="0" total="1" passed="1" failed="0" skipped="0">
  <reporter-output>
  </reporter-output>
  <suite started-at="2025-09-01T21:48:07 IST" name="Default suite" finished-at="2025-09-01T21:48:09 IST" duration-ms="2295">
    <groups>
    </groups>
    <test started-at="2025-09-01T21:48:07 IST" name="Default test" finished-at="2025-09-01T21:48:09 IST" duration-ms="2295">
      <class name="tutorials.Register.TC_RF_013">
        <test-method signature="verifyPlaceHoldersOfTextFieldsInRegisterAccountPage()[pri:0, instance:tutorials.Register.TC_RF_013@33065d67]" started-at="2025-09-01T21:48:07 IST" name="verifyPlaceHoldersOfTextFieldsInRegisterAccountPage" finished-at="2025-09-01T21:48:09 IST" duration-ms="2268" status="PASS">
          <reporter-output>
          </reporter-output>
        </test-method> <!-- verifyPlaceHoldersOfTextFieldsInRegisterAccountPage -->
      </class> <!-- tutorials.Register.TC_RF_013 -->
    </test> <!-- Default test -->
  </suite> <!-- Default suite -->
</testng-results>
