<?xml version="1.0" encoding="UTF-8"?>
<testng-results ignored="0" total="1" passed="1" failed="0" skipped="0">
  <reporter-output>
  </reporter-output>
  <suite started-at="2025-08-28T22:04:14 IST" name="Default suite" finished-at="2025-08-28T22:04:19 IST" duration-ms="5422">
    <groups>
    </groups>
    <test started-at="2025-08-28T22:04:14 IST" name="Default test" finished-at="2025-08-28T22:04:19 IST" duration-ms="5422">
      <class name="tutorials.Register.TC_RF_006">
        <test-method signature="verifyRegisterAccoutWithNoOption()[pri:0, instance:tutorials.Register.TC_RF_006@2e385cce]" started-at="2025-08-28T22:04:14 IST" name="verifyRegisterAccoutWithNoOption" finished-at="2025-08-28T22:04:19 IST" duration-ms="5359" status="PASS">
          <reporter-output>
          </reporter-output>
        </test-method> <!-- verifyRegisterAccoutWithNoOption -->
      </class> <!-- tutorials.Register.TC_RF_006 -->
    </test> <!-- Default test -->
  </suite> <!-- Default suite -->
</testng-results>
