<?xml version="1.0" encoding="UTF-8"?>
<testng-results ignored="0" total="1" passed="1" failed="0" skipped="0">
  <reporter-output>
  </reporter-output>
  <suite started-at="2025-09-01T19:44:30 IST" name="Default suite" finished-at="2025-09-01T19:44:45 IST" duration-ms="14250">
    <groups>
    </groups>
    <test started-at="2025-09-01T19:44:30 IST" name="Default test" finished-at="2025-09-01T19:44:45 IST" duration-ms="14250">
      <class name="tutorials.Register.TC_RF_012">
        <test-method signature="verifyRegisteringAccountUsingKeyboardKeys()[pri:0, instance:tutorials.Register.TC_RF_012@33065d67]" started-at="2025-09-01T19:44:30 IST" name="verifyRegisteringAccountUsingKeyboardKeys" finished-at="2025-09-01T19:44:45 IST" duration-ms="14197" status="PASS">
          <reporter-output>
          </reporter-output>
        </test-method> <!-- verifyRegisteringAccountUsingKeyboardKeys -->
      </class> <!-- tutorials.Register.TC_RF_012 -->
    </test> <!-- Default test -->
  </suite> <!-- Default suite -->
</testng-results>
