<?xml version="1.0" encoding="UTF-8"?>
<testng-results ignored="0" total="1" passed="1" failed="0" skipped="0">
  <reporter-output>
  </reporter-output>
  <suite started-at="2025-08-28T21:32:56 IST" name="Default suite" finished-at="2025-08-28T21:33:03 IST" duration-ms="6232">
    <groups>
    </groups>
    <test started-at="2025-08-28T21:32:56 IST" name="Default test" finished-at="2025-08-28T21:33:03 IST" duration-ms="6232">
      <class name="tutorials.Register.TC_RF_005">
        <test-method signature="verifingRigisteringAccoundNewsletterfield()[pri:0, instance:tutorials.Register.TC_RF_005@2e385cce]" started-at="2025-08-28T21:32:56 IST" name="verifingRigisteringAccoundNewsletterfield" finished-at="2025-08-28T21:33:03 IST" duration-ms="6172" status="PASS">
          <reporter-output>
          </reporter-output>
        </test-method> <!-- verifingRigisteringAccoundNewsletterfield -->
      </class> <!-- tutorials.Register.TC_RF_005 -->
    </test> <!-- Default test -->
  </suite> <!-- Default suite -->
</testng-results>
