<?xml version="1.0" encoding="UTF-8"?>
<testng-results ignored="0" total="1" passed="1" failed="0" skipped="0">
  <reporter-output>
  </reporter-output>
  <suite started-at="2025-09-11T20:42:13 IST" name="Default suite" finished-at="2025-09-11T20:43:34 IST" duration-ms="80843">
    <groups>
    </groups>
    <test started-at="2025-09-11T20:42:13 IST" name="Default test" finished-at="2025-09-11T20:43:34 IST" duration-ms="80843">
      <class name="tutorials.Register.TC_RF_018">
        <test-method signature="verifyRegisteringAccountFieldsHeightWidthAligment()[pri:0, instance:tutorials.Register.TC_RF_018@1750fbeb]" started-at="2025-09-11T20:42:13 IST" name="verifyRegisteringAccountFieldsHeightWidthAligment" finished-at="2025-09-11T20:43:34 IST" duration-ms="80710" status="PASS">
          <reporter-output>
          </reporter-output>
        </test-method> <!-- verifyRegisteringAccountFieldsHeightWidthAligment -->
      </class> <!-- tutorials.Register.TC_RF_018 -->
    </test> <!-- Default test -->
  </suite> <!-- Default suite -->
</testng-results>
