<?xml version="1.0" encoding="UTF-8"?>
<testng-results ignored="0" total="1" passed="1" failed="0" skipped="0">
  <reporter-output>
  </reporter-output>
  <suite started-at="2025-08-29T20:22:29 IST" name="Default suite" finished-at="2025-08-29T20:22:37 IST" duration-ms="8628">
    <groups>
    </groups>
    <test started-at="2025-08-29T20:22:29 IST" name="Default test" finished-at="2025-08-29T20:22:37 IST" duration-ms="8628">
      <class name="tutorials.Register.TC_RF_010">
        <test-method signature="verifyRegisteringAccountwithInvalidEmail()[pri:0, instance:tutorials.Register.TC_RF_010@712625fd]" started-at="2025-08-29T20:22:29 IST" name="verifyRegisteringAccountwithInvalidEmail" finished-at="2025-08-29T20:22:37 IST" duration-ms="8573" status="PASS">
          <reporter-output>
          </reporter-output>
        </test-method> <!-- verifyRegisteringAccountwithInvalidEmail -->
      </class> <!-- tutorials.Register.TC_RF_010 -->
    </test> <!-- Default test -->
  </suite> <!-- Default suite -->
</testng-results>
