<?xml version="1.0" encoding="UTF-8"?>
<testng-results ignored="0" total="1" passed="1" failed="0" skipped="0">
  <reporter-output>
  </reporter-output>
  <suite started-at="2025-09-02T17:37:56 IST" name="Default suite" finished-at="2025-09-02T17:38:00 IST" duration-ms="4305">
    <groups>
    </groups>
    <test started-at="2025-09-02T17:37:56 IST" name="Default test" finished-at="2025-09-02T17:38:00 IST" duration-ms="4305">
      <class name="tutorials.Register.TC_RF_016">
        <test-method signature="verifyRegisteringAccountWithOnlySpaces()[pri:0, instance:tutorials.Register.TC_RF_016@33065d67]" started-at="2025-09-02T17:37:56 IST" name="verifyRegisteringAccountWithOnlySpaces" finished-at="2025-09-02T17:38:00 IST" duration-ms="4255" status="PASS">
          <reporter-output>
          </reporter-output>
        </test-method> <!-- verifyRegisteringAccountWithOnlySpaces -->
      </class> <!-- tutorials.Register.TC_RF_016 -->
    </test> <!-- Default test -->
  </suite> <!-- Default suite -->
</testng-results>
