<?xml version="1.0" encoding="UTF-8"?>
<testng-results ignored="0" total="3" passed="3" failed="0" skipped="0">
  <reporter-output>
  </reporter-output>
  <suite started-at="2025-09-23T19:16:16 IST" name="Default suite" finished-at="2025-09-23T19:16:33 IST" duration-ms="17065">
    <groups>
    </groups>
    <test started-at="2025-09-23T19:16:16 IST" name="Default test" finished-at="2025-09-23T19:16:33 IST" duration-ms="17065">
      <class name="tutorials.Register.TC_RF_027">
        <test-method signature="verifyRegistringAccountWithDifferentEnvironments(java.lang.String)[pri:0, instance:tutorials.Register.TC_RF_027@8458f04]" started-at="2025-09-23T19:16:16 IST" name="verifyRegistringAccountWithDifferentEnvironments" data-provider="environmentsSupplier" finished-at="2025-09-23T19:16:21 IST" duration-ms="5158" status="PASS">
          <params>
            <param index="0">
              <value>
                <![CDATA[Chrome]]>
              </value>
            </param>
          </params>
          <reporter-output>
          </reporter-output>
        </test-method> <!-- verifyRegistringAccountWithDifferentEnvironments -->
        <test-method signature="verifyRegistringAccountWithDifferentEnvironments(java.lang.String)[pri:0, instance:tutorials.Register.TC_RF_027@8458f04]" started-at="2025-09-23T19:16:21 IST" name="verifyRegistringAccountWithDifferentEnvironments" data-provider="environmentsSupplier" finished-at="2025-09-23T19:16:29 IST" duration-ms="7621" status="PASS">
          <params>
            <param index="0">
              <value>
                <![CDATA[fireFox]]>
              </value>
            </param>
          </params>
          <reporter-output>
          </reporter-output>
        </test-method> <!-- verifyRegistringAccountWithDifferentEnvironments -->
        <test-method signature="verifyRegistringAccountWithDifferentEnvironments(java.lang.String)[pri:0, instance:tutorials.Register.TC_RF_027@8458f04]" started-at="2025-09-23T19:16:29 IST" name="verifyRegistringAccountWithDifferentEnvironments" data-provider="environmentsSupplier" finished-at="2025-09-23T19:16:33 IST" duration-ms="4225" status="PASS">
          <params>
            <param index="0">
              <value>
                <![CDATA[eage]]>
              </value>
            </param>
          </params>
          <reporter-output>
          </reporter-output>
        </test-method> <!-- verifyRegistringAccountWithDifferentEnvironments -->
      </class> <!-- tutorials.Register.TC_RF_027 -->
    </test> <!-- Default test -->
  </suite> <!-- Default suite -->
</testng-results>
