<?xml version="1.0" encoding="UTF-8"?>
<testng-results ignored="0" total="1" passed="1" failed="0" skipped="0">
  <reporter-output>
  </reporter-output>
  <suite started-at="2025-08-29T18:05:11 IST" name="Default suite" finished-at="2025-08-29T18:05:16 IST" duration-ms="5237">
    <groups>
    </groups>
    <test started-at="2025-08-29T18:05:11 IST" name="Default test" finished-at="2025-08-29T18:05:16 IST" duration-ms="5237">
      <class name="tutorials.Register.TC_RF_009">
        <test-method signature="verifyRegisteringExistingEmailAddress()[pri:0, instance:tutorials.Register.TC_RF_009@3e27aa33]" started-at="2025-08-29T18:05:11 IST" name="verifyRegisteringExistingEmailAddress" finished-at="2025-08-29T18:05:16 IST" duration-ms="5174" status="PASS">
          <reporter-output>
          </reporter-output>
        </test-method> <!-- verifyRegisteringExistingEmailAddress -->
      </class> <!-- tutorials.Register.TC_RF_009 -->
    </test> <!-- Default test -->
  </suite> <!-- Default suite -->
</testng-results>
