<?xml version="1.0" encoding="UTF-8"?>
<testng-results ignored="0" total="1" passed="1" failed="0" skipped="0">
  <reporter-output>
  </reporter-output>
  <suite started-at="2025-09-15T19:21:59 IST" name="Default suite" finished-at="2025-09-15T19:22:04 IST" duration-ms="4837">
    <groups>
    </groups>
    <test started-at="2025-09-15T19:21:59 IST" name="Default test" finished-at="2025-09-15T19:22:04 IST" duration-ms="4837">
      <class name="tutorials.Register.TC_RF_021">
        <test-method signature="verifyRegisteringAccountWithoutSelectingPrivacyPolicy()[pri:0, instance:tutorials.Register.TC_RF_021@33065d67]" started-at="2025-09-15T19:21:59 IST" name="verifyRegisteringAccountWithoutSelectingPrivacyPolicy" finished-at="2025-09-15T19:22:04 IST" duration-ms="4786" status="PASS">
          <reporter-output>
          </reporter-output>
        </test-method> <!-- verifyRegisteringAccountWithoutSelectingPrivacyPolicy -->
      </class> <!-- tutorials.Register.TC_RF_021 -->
    </test> <!-- Default test -->
  </suite> <!-- Default suite -->
</testng-results>
