<?xml version="1.0" encoding="UTF-8"?>
<testng-results ignored="0" total="1" passed="1" failed="0" skipped="0">
  <reporter-output>
  </reporter-output>
  <suite started-at="2025-08-29T14:13:32 IST" name="Default suite" finished-at="2025-08-29T14:13:38 IST" duration-ms="5332">
    <groups>
    </groups>
    <test started-at="2025-08-29T14:13:32 IST" name="Default test" finished-at="2025-08-29T14:13:38 IST" duration-ms="5332">
      <class name="tutorials.Register.TC_RF_008">
        <test-method signature="verifyRegisterAccoutByDifferentPasswords()[pri:0, instance:tutorials.Register.TC_RF_008@2e385cce]" started-at="2025-08-29T14:13:32 IST" name="verifyRegisterAccoutByDifferentPasswords" finished-at="2025-08-29T14:13:38 IST" duration-ms="5269" status="PASS">
          <reporter-output>
          </reporter-output>
        </test-method> <!-- verifyRegisterAccoutByDifferentPasswords -->
      </class> <!-- tutorials.Register.TC_RF_008 -->
    </test> <!-- Default test -->
  </suite> <!-- Default suite -->
</testng-results>
